#
# There is insufficient memory for the Java Runtime Environment to continue.
# Native memory allocation (mmap) failed to map 132120576 bytes for G1 virtual space
# Possible reasons:
#   The system is out of physical RAM or swap space
#   The process is running with CompressedOops enabled, and the Java Heap may be blocking the growth of the native heap
# Possible solutions:
#   Reduce memory load on the system
#   Increase physical memory or swap space
#   Check if swap backing store is full
#   Decrease Java heap size (-Xmx/-Xms)
#   Decrease number of Java threads
#   Decrease Java thread stack sizes (-Xss)
#   Set larger code cache with -XX:ReservedCodeCacheSize=
#   JVM is running with Unscaled Compressed Oops mode in which the Java heap is
#     placed in the first 4GB address space. The Java Heap base address is the
#     maximum limit for the native heap growth. Please use -XX:HeapBaseMinAddress
#     to set the Java Heap base and to place the Java Heap above 4GB virtual address.
# This output file may be truncated or incomplete.
#
#  Out of Memory Error (./open/src/hotspot/os/windows/os_windows.cpp:3472), pid=18540, tid=12460
#
# JRE version:  (15.0+36) (build )
# Java VM: Java HotSpot(TM) 64-Bit Server VM (15+36-1562, mixed mode, sharing, tiered, compressed oops, g1 gc, windows-amd64)
# No core dump will be written. Minidumps are not enabled by default on client versions of Windows
#

---------------  S U M M A R Y ------------

Command Line: -javaagent:D:\java\eclipse\configuration\org.eclipse.osgi\396\0\.cp\jacocoagent.jar=includes=*,excludes=,exclclassloader=sun.reflect.DelegatingClassLoader,output=tcpclient,port=65264 -Dfile.encoding=GBK -XX:+ShowCodeDetailsInExceptionMessages cn.edu.jsu.lkm.ifc.Jpane

Host: Intel(R) Core(TM) i5-8265U CPU @ 1.60GHz, 8 cores, 7G,  Windows 10 , 64 bit Build 18362 (10.0.18362.1110)
Time: Thu Jan  7 22:07:35 2021 ?D1¨²¡À¨º¡Á?¨º¡À?? elapsed time: 0.009765 seconds (0d 0h 0m 0s)

---------------  T H R E A D  ---------------

Current thread (0x00000251cb572f60):  JavaThread "Unknown thread" [_thread_in_vm, id=12460, stack(0x000000e92d800000,0x000000e92d900000)]

Stack: [0x000000e92d800000,0x000000e92d900000]
Native frames: (J=compiled Java code, j=interpreted, Vv=VM code, C=native code)
V  [jvm.dll+0x629eaa]
V  [jvm.dll+0x780379]
V  [jvm.dll+0x781ad3]
V  [jvm.dll+0x782133]
V  [jvm.dll+0x2159d5]
V  [jvm.dll+0x627299]
V  [jvm.dll+0x61bdd5]
V  [jvm.dll+0x2cf96d]
V  [jvm.dll+0x2cf7d2]
V  [jvm.dll+0x2d57ac]
V  [jvm.dll+0x32523a]
V  [jvm.dll+0x324904]
V  [jvm.dll+0x2a68ea]
V  [jvm.dll+0x2a7a88]
V  [jvm.dll+0x75d0f1]
V  [jvm.dll+0x333af4]
V  [jvm.dll+0x73d816]
V  [jvm.dll+0x3b68e7]
V  [jvm.dll+0x3b8371]
C  [jli.dll+0x52fb]
C  [ucrtbase.dll+0x210b2]
C  [KERNEL32.DLL+0x17c24]
C  [ntdll.dll+0x6d4d1]


---------------  P R O C E S S  ---------------

Threads class SMR info:
_java_thread_list=0x00007ffb3d872fa0, length=0, elements={
}

Java Threads: ( => current thread )

Other Threads:
  0x00000251cb5b2320 GCTaskThread "GC Thread#0" [stack: 0x000000e92d900000,0x000000e92da00000] [id=2752]
  0x00000251cb5c47a0 ConcurrentGCThread "G1 Main Marker" [stack: 0x000000e92da00000,0x000000e92db00000] [id=20704]
  0x00000251cb5c5410 ConcurrentGCThread "G1 Conc#0" [stack: 0x000000e92db00000,0x000000e92dc00000] [id=20952]

[error occurred during error reporting (printing all threads), id 0xc0000005, EXCEPTION_ACCESS_VIOLATION (0xc0000005) at pc=0x00007ffb3d0677b7]

VM state: not at safepoint (not fully initialized)

VM Mutex/Monitor currently owned by a thread:  ([mutex/lock_event])
[0x00000251c9372910] Heap_lock - owner thread: 0x00000251cb572f60

Heap address: 0x0000000083000000, size: 2000 MB, Compressed Oops mode: 32-bit
CDS archive(s) mapped at: [0x0000000000000000-0x0000000000000000-0x0000000000000000), size 0, SharedBaseAddress: 0x0000000800000000, ArchiveRelocationMode: 0.
Narrow klass base: 0x0000000000000000, Narrow klass shift: 0, Narrow klass range: 0x0

Heap:
 garbage-first heap   total 129024K, used 0K [0x0000000083000000, 0x0000000100000000)
  region size 1024K, 0 young (0K), 0 survivors (0K)
 Metaspace       used 0K, capacity 0K, committed 0K, reserved 0K
  class space    used 0K, capacity 0K, committed 0K, reserved 0K

Heap Regions: E=young(eden), S=young(survivor), O=old, HS=humongous(starts), HC=humongous(continues), CS=collection set, F=free, OA=open archive, CA=closed archive, TAMS=top-at-mark-start (previous, next)

Card table byte_map: [0x00000251e2ec0000,0x00000251e32b0000] _byte_map_base: 0x00000251e2aa8000

Marking Bits (Prev, Next): (CMBitMap*) 0x00000251cb5b3ba0, (CMBitMap*) 0x00000251cb5b3be0
 Prev Bits: [0x00000251e36a0000, 0x00000251e55e0000)
 Next Bits: [0x00000251e55e0000, 0x00000251e7520000)

GC Heap History (0 events):
No events

Deoptimization events (0 events):
No events

Classes unloaded (0 events):
No events

Classes redefined (0 events):
No events

Internal exceptions (0 events):
No events

Events (1 events):
Event: 0.006 Loaded shared library D:\Program Files\Java\jdk-15\bin\java.dll


Dynamic libraries:
0x00007ff6414d0000 - 0x00007ff6414df000 	D:\Program Files\Java\jdk-15\bin\javaw.exe
0x00007ffb99fc0000 - 0x00007ffb9a1b0000 	C:\WINDOWS\SYSTEM32\ntdll.dll
0x00007ffb99410000 - 0x00007ffb994c2000 	C:\WINDOWS\System32\KERNEL32.DLL
0x00007ffb97b20000 - 0x00007ffb97dc5000 	C:\WINDOWS\System32\KERNELBASE.dll
0x00007ffb97870000 - 0x00007ffb9796a000 	C:\WINDOWS\System32\ucrtbase.dll
0x00007ffb8d5b0000 - 0x00007ffb8d5c8000 	D:\Program Files\Java\jdk-15\bin\jli.dll
0x00007ffb8bde0000 - 0x00007ffb8bdf9000 	D:\Program Files\Java\jdk-15\bin\VCRUNTIME140.dll
0x00007ffb986e0000 - 0x00007ffb98783000 	C:\WINDOWS\System32\ADVAPI32.dll
0x00007ffb987f0000 - 0x00007ffb9888e000 	C:\WINDOWS\System32\msvcrt.dll
0x00007ffb988f0000 - 0x00007ffb98987000 	C:\WINDOWS\System32\sechost.dll
0x00007ffb99e60000 - 0x00007ffb99f80000 	C:\WINDOWS\System32\RPCRT4.dll
0x00007ffb98a40000 - 0x00007ffb98bd4000 	C:\WINDOWS\System32\USER32.dll
0x00007ffb97dd0000 - 0x00007ffb97df1000 	C:\WINDOWS\System32\win32u.dll
0x00007ffb99d60000 - 0x00007ffb99d86000 	C:\WINDOWS\System32\GDI32.dll
0x00007ffb7efd0000 - 0x00007ffb7f254000 	C:\WINDOWS\WinSxS\amd64_microsoft.windows.common-controls_6595b64144ccf1df_6.0.18362.1198_none_9e820b57e45ad92f\COMCTL32.dll
0x00007ffb976d0000 - 0x00007ffb97866000 	C:\WINDOWS\System32\gdi32full.dll
0x00007ffb99a20000 - 0x00007ffb99d55000 	C:\WINDOWS\System32\combase.dll
0x00007ffb97fd0000 - 0x00007ffb9806e000 	C:\WINDOWS\System32\msvcp_win.dll
0x00007ffb97970000 - 0x00007ffb979f0000 	C:\WINDOWS\System32\bcryptPrimitives.dll
0x00007ffb8a390000 - 0x00007ffb8a39a000 	C:\WINDOWS\SYSTEM32\VERSION.dll
0x00007ffb98070000 - 0x00007ffb9809e000 	C:\WINDOWS\System32\IMM32.DLL
0x00007ffb8f850000 - 0x00007ffb8f85c000 	D:\Program Files\Java\jdk-15\bin\vcruntime140_1.dll
0x00007ffb5f140000 - 0x00007ffb5f1d1000 	D:\Program Files\Java\jdk-15\bin\msvcp140.dll
0x00007ffb3cdb0000 - 0x00007ffb3d90c000 	D:\Program Files\Java\jdk-15\bin\server\jvm.dll
0x00007ffb99990000 - 0x00007ffb99998000 	C:\WINDOWS\System32\PSAPI.DLL
0x00007ffb956b0000 - 0x00007ffb956d4000 	C:\WINDOWS\SYSTEM32\WINMM.dll
0x00007ffb792e0000 - 0x00007ffb792e9000 	C:\WINDOWS\SYSTEM32\WSOCK32.dll
0x00007ffb98be0000 - 0x00007ffb98c4f000 	C:\WINDOWS\System32\WS2_32.dll
0x00007ffb95680000 - 0x00007ffb956ad000 	C:\WINDOWS\SYSTEM32\WINMMBASE.dll
0x00007ffb97ad0000 - 0x00007ffb97b1a000 	C:\WINDOWS\System32\cfgmgr32.dll
0x00007ffb96f20000 - 0x00007ffb96f31000 	C:\WINDOWS\System32\kernel.appcore.dll
0x00007ffb8eec0000 - 0x00007ffb8eeca000 	D:\Program Files\Java\jdk-15\bin\jimage.dll
0x00007ffb95480000 - 0x00007ffb95674000 	C:\WINDOWS\SYSTEM32\DBGHELP.DLL
0x00007ffb78b20000 - 0x00007ffb78b4a000 	C:\WINDOWS\SYSTEM32\dbgcore.DLL
0x00007ffb8d100000 - 0x00007ffb8d10e000 	D:\Program Files\Java\jdk-15\bin\instrument.dll
0x00007ffb837c0000 - 0x00007ffb837e5000 	D:\Program Files\Java\jdk-15\bin\java.dll

dbghelp: loaded successfully - version: 4.0.5 - missing functions: none
symbol engine: initialized successfully - sym options: 0x614 - pdb path: .;D:\Program Files\Java\jdk-15\bin;C:\WINDOWS\SYSTEM32;C:\WINDOWS\WinSxS\amd64_microsoft.windows.common-controls_6595b64144ccf1df_6.0.18362.1198_none_9e820b57e45ad92f;D:\Program Files\Java\jdk-15\bin\server

VM Arguments:
jvm_args: -javaagent:D:\java\eclipse\configuration\org.eclipse.osgi\396\0\.cp\jacocoagent.jar=includes=*,excludes=,exclclassloader=sun.reflect.DelegatingClassLoader,output=tcpclient,port=65264 -Dfile.encoding=GBK -XX:+ShowCodeDetailsInExceptionMessages 
java_command: cn.edu.jsu.lkm.ifc.Jpane
java_class_path (initial): D:\eclipse\AchievementMS\bin;D:\eclipse\AchievementMS\lib\commons-collections4-4.4.jar;D:\eclipse\AchievementMS\lib\commons-compress-1.19.jar;D:\eclipse\AchievementMS\lib\commons-math3-3.6.1.jar;D:\eclipse\AchievementMS\lib\mssql-jdbc-8.4.1.jre8.jar;D:\eclipse\AchievementMS\lib\mysql-connector-java-5.1.44-bin.jar;D:\eclipse\AchievementMS\lib\poi-4.1.2.jar;D:\eclipse\AchievementMS\lib\poi-ooxml-4.1.2.jar;D:\eclipse\AchievementMS\lib\poi-ooxml-schemas-4.1.2.jar;D:\eclipse\AchievementMS\lib\xmlbeans-3.1.0.jar;D:\eclipse\AchievementMS\miglayout15-swing.jar
Launcher Type: SUN_STANDARD

[Global flags]
     intx CICompilerCount                          = 4                                         {product} {ergonomic}
     uint ConcGCThreads                            = 2                                         {product} {ergonomic}
     uint G1ConcRefinementThreads                  = 8                                         {product} {ergonomic}
   size_t G1HeapRegionSize                         = 1048576                                   {product} {ergonomic}
    uintx GCDrainStackTargetSize                   = 64                                        {product} {ergonomic}
   size_t InitialHeapSize                          = 132120576                                 {product} {ergonomic}
   size_t MarkStackSize                            = 4194304                                   {product} {ergonomic}
   size_t MaxHeapSize                              = 2097152000                                {product} {ergonomic}
   size_t MinHeapDeltaBytes                        = 1048576                                   {product} {ergonomic}
   size_t MinHeapSize                              = 8388608                                   {product} {ergonomic}
    uintx NonNMethodCodeHeapSize                   = 5839372                                {pd product} {ergonomic}
    uintx NonProfiledCodeHeapSize                  = 122909434                              {pd product} {ergonomic}
    uintx ProfiledCodeHeapSize                     = 122909434                              {pd product} {ergonomic}
    uintx ReservedCodeCacheSize                    = 251658240                              {pd product} {ergonomic}
     bool SegmentedCodeCache                       = true                                      {product} {ergonomic}
     bool ShowCodeDetailsInExceptionMessages       = true                                   {manageable} {command line}
   size_t SoftMaxHeapSize                          = 2097152000                             {manageable} {ergonomic}
     bool UseCompressedClassPointers               = true                                 {lp64_product} {ergonomic}
     bool UseCompressedOops                        = true                                 {lp64_product} {ergonomic}
     bool UseG1GC                                  = true                                      {product} {ergonomic}
     bool UseLargePagesIndividualAllocation        = false                                  {pd product} {ergonomic}

Logging:
Log output configuration:
 #0: stdout all=warning uptime,level,tags
 #1: stderr all=off uptime,level,tags

Environment Variables:
PATH=C:\Program Files\Common Files\Oracle\Java\javapath;C:\Program Files\Microsoft MPI\Bin\;C:\Windows\system32;C:\Windows;C:\Windows\System32\Wbem;C:\Windows\System32\WindowsPowerShell\v1.0\;C:\Windows\System32\OpenSSH\;C:\Program Files (x86)\Intel\Intel(R) Management Engine Components\DAL;C:\Program Files\Intel\Intel(R) Management Engine Components\DAL;C:\Program Files\Intel\WiFi\bin\;C:\Program Files\Common Files\Intel\WirelessCommon\;C:\Program Files (x86)\NVIDIA Corporation\PhysX\Common;C:\WINDOWS\system32;C:\WINDOWS;C:\WINDOWS\System32\Wbem;C:\WINDOWS\System32\WindowsPowerShell\v1.0\;C:\WINDOWS\System32\OpenSSH\;D:\Program Files (x86)\Microsoft SQL Server\150\Tools\Binn\;D:\Program Files\Microsoft SQL Server\150\Tools\Binn\;D:\Program Files (x86)\Microsoft SQL Server\150\DTS\Binn\;D:\Program Files\Microsoft SQL Server\150\DTS\Binn\;D:\Program Files\Microsoft SQL Server\Client SDK\ODBC\170\Tools\Binn\;C:\Users\mycom\AppData\Local\Microsoft\WindowsApps;D:\Bandizip\
USERNAME=mycom
OS=Windows_NT
PROCESSOR_IDENTIFIER=Intel64 Family 6 Model 142 Stepping 12, GenuineIntel



---------------  S Y S T E M  ---------------

OS:
 Windows 10 , 64 bit Build 18362 (10.0.18362.1110)
OS uptime: 1 days 14:08 hours

CPU: total 8 (initial active 8) (4 cores per cpu, 2 threads per core) family 6 model 142 stepping 12, cmov, cx8, fxsr, mmx, sse, sse2, sse3, ssse3, sse4.1, sse4.2, popcnt, vzeroupper, avx, avx2, aes, clmul, erms, 3dnowpref, lzcnt, ht, tsc, tscinvbit, bmi1, bmi2, adx, fma, clflush, clflushopt

Memory: 4k page, system-wide physical 7999M (1219M free)
TotalPageFile size 22421M (AvailPageFile size 122M)
current process WorkingSet (physical memory assigned to process): 10M, peak: 10M
current process commit charge ("private bytes"): 60M, peak: 186M

vm_info: Java HotSpot(TM) 64-Bit Server VM (15+36-1562) for windows-amd64 JRE (15+36-1562), built on Aug 11 2020 22:38:02 by "mach5one" with unknown MS VC++:1925

END.
